[INFO]-[2019/02/12 03:00:21] DB Copy: Creating table wpstg1_commentmeta
[INFO]-[2019/02/12 03:00:21] DB Copy: Creating table wpstg1_commentmeta
[INFO]-[2019/02/12 03:00:21] DB Copy: Creating table wpstg1_comments
[INFO]-[2019/02/12 03:00:21] DB Copy: wp_comments as wpstg1_comments from 0 to 10000 records
[INFO]-[2019/02/12 03:00:21] DB Copy: Creating table wpstg1_comments
[INFO]-[2019/02/12 03:00:21] DB Copy: wp_comments as wpstg1_comments from 0 to 10000 records
[INFO]-[2019/02/12 03:00:21] DB Copy: Creating table wpstg1_links
[INFO]-[2019/02/12 03:00:21] DB Copy: Creating table wpstg1_links
[INFO]-[2019/02/12 03:00:21] DB Copy: Creating table wpstg1_options
[INFO]-[2019/02/12 03:00:21] DB Copy: wp_options as wpstg1_options from 0 to 10000 records
[INFO]-[2019/02/12 03:00:21] DB Copy: Creating table wpstg1_options
[INFO]-[2019/02/12 03:00:21] DB Copy: wp_options as wpstg1_options from 0 to 10000 records
[INFO]-[2019/02/12 03:00:21] DB Copy: Creating table wpstg1_postmeta
[INFO]-[2019/02/12 03:00:21] DB Copy: wp_postmeta as wpstg1_postmeta from 0 to 10000 records
[INFO]-[2019/02/12 03:00:21] DB Copy: Creating table wpstg1_postmeta
[INFO]-[2019/02/12 03:00:21] DB Copy: wp_postmeta as wpstg1_postmeta from 0 to 10000 records
[INFO]-[2019/02/12 03:00:21] DB Copy: Creating table wpstg1_posts
[INFO]-[2019/02/12 03:00:21] DB Copy: wp_posts as wpstg1_posts from 0 to 10000 records
[INFO]-[2019/02/12 03:00:21] DB Copy: Creating table wpstg1_posts
[INFO]-[2019/02/12 03:00:21] DB Copy: wp_posts as wpstg1_posts from 0 to 10000 records
[INFO]-[2019/02/12 03:00:21] DB Copy: Creating table wpstg1_term_relationships
[INFO]-[2019/02/12 03:00:21] DB Copy: wp_term_relationships as wpstg1_term_relationships from 0 to 10000 records
[INFO]-[2019/02/12 03:00:21] DB Copy: Creating table wpstg1_term_relationships
[INFO]-[2019/02/12 03:00:21] DB Copy: wp_term_relationships as wpstg1_term_relationships from 0 to 10000 records
[INFO]-[2019/02/12 03:00:21] DB Copy: Creating table wpstg1_term_taxonomy
[INFO]-[2019/02/12 03:00:21] DB Copy: wp_term_taxonomy as wpstg1_term_taxonomy from 0 to 10000 records
[INFO]-[2019/02/12 03:00:21] DB Copy: Creating table wpstg1_term_taxonomy
[INFO]-[2019/02/12 03:00:21] DB Copy: wp_term_taxonomy as wpstg1_term_taxonomy from 0 to 10000 records
[INFO]-[2019/02/12 03:00:21] DB Copy: Creating table wpstg1_termmeta
[INFO]-[2019/02/12 03:00:21] DB Copy: Creating table wpstg1_termmeta
[INFO]-[2019/02/12 03:00:21] DB Copy: Creating table wpstg1_terms
[INFO]-[2019/02/12 03:00:21] DB Copy: wp_terms as wpstg1_terms from 0 to 10000 records
[INFO]-[2019/02/12 03:00:21] DB Copy: Creating table wpstg1_terms
[INFO]-[2019/02/12 03:00:21] DB Copy: wp_terms as wpstg1_terms from 0 to 10000 records
[INFO]-[2019/02/12 03:00:21] DB Copy: Creating table wpstg1_usermeta
[INFO]-[2019/02/12 03:00:21] DB Copy: wp_usermeta as wpstg1_usermeta from 0 to 10000 records
[INFO]-[2019/02/12 03:00:21] DB Copy: Creating table wpstg1_usermeta
[INFO]-[2019/02/12 03:00:21] DB Copy: wp_usermeta as wpstg1_usermeta from 0 to 10000 records
[INFO]-[2019/02/12 03:00:21] DB Copy: Creating table wpstg1_users
[INFO]-[2019/02/12 03:00:21] DB Copy: wp_users as wpstg1_users from 0 to 10000 records
[INFO]-[2019/02/12 03:00:21] DB Copy: Creating table wpstg1_users
[INFO]-[2019/02/12 03:00:21] DB Copy: wp_users as wpstg1_users from 0 to 10000 records
[]-[] 
[]-[] 
[]-[] 
[]-[] 
[INFO]-[2019/02/12 03:00:22] DB Processing:  Table wpstg1_comments 0 to 5000 records
[INFO]-[2019/02/12 03:00:22] DB Processing:  Table wpstg1_comments 0 to 5000 records
[]-[] 
[]-[] 
[INFO]-[2019/02/12 03:00:22] DB Processing:  Table wpstg1_options 0 to 5000 records
[INFO]-[2019/02/12 03:00:22] DB Processing:  Table wpstg1_options 0 to 5000 records
[INFO]-[2019/02/12 03:00:22] DB Processing:  Table wpstg1_postmeta 0 to 5000 records
[INFO]-[2019/02/12 03:00:22] DB Processing:  Table wpstg1_postmeta 0 to 5000 records
[INFO]-[2019/02/12 03:00:22] DB Processing:  Table wpstg1_posts 0 to 5000 records
[INFO]-[2019/02/12 03:00:22] DB Processing:  Table wpstg1_posts 0 to 5000 records
[INFO]-[2019/02/12 03:00:22] DB Processing:  Table wpstg1_term_relationships 0 to 5000 records
[INFO]-[2019/02/12 03:00:22] DB Processing:  Table wpstg1_term_relationships 0 to 5000 records
[INFO]-[2019/02/12 03:00:22] DB Processing:  Table wpstg1_term_taxonomy 0 to 5000 records
[INFO]-[2019/02/12 03:00:22] DB Processing:  Table wpstg1_term_taxonomy 0 to 5000 records
[]-[] 
[]-[] 
[INFO]-[2019/02/12 03:00:22] DB Processing:  Table wpstg1_terms 0 to 5000 records
[INFO]-[2019/02/12 03:00:22] DB Processing:  Table wpstg1_terms 0 to 5000 records
[INFO]-[2019/02/12 03:00:22] DB Processing:  Table wpstg1_usermeta 0 to 5000 records
[INFO]-[2019/02/12 03:00:22] DB Processing:  Table wpstg1_usermeta 0 to 5000 records
[INFO]-[2019/02/12 03:00:22] DB Processing:  Table wpstg1_users 0 to 5000 records
[INFO]-[2019/02/12 03:00:22] DB Processing:  Table wpstg1_users 0 to 5000 records
[]-[] 
[]-[] 
[INFO]-[2019/02/12 03:00:22] Scanning / for files
[INFO]-[2019/02/12 03:00:22] Scanning / for files
[INFO]-[2019/02/12 03:00:22] Scanning wp-content folder /Users/reidcrawford/sites/merchantadvisory/wp-content
[INFO]-[2019/02/12 03:00:22] Scanning wp-content folder /Users/reidcrawford/sites/merchantadvisory/wp-content
[INFO]-[2019/02/12 03:00:22] Scanning /wp-includes for its sub-directories and files
[INFO]-[2019/02/12 03:00:22] Scanning /wp-includes for its sub-directories and files
[INFO]-[2019/02/12 03:00:23] Scanning /wp-admin for its sub-directories and files
[INFO]-[2019/02/12 03:00:23] Scanning /wp-admin for its sub-directories and files
[INFO]-[2019/02/12 03:00:23] Copying files...
[INFO]-[2019/02/12 03:00:23] Total 50 files processed
[INFO]-[2019/02/12 03:00:23] Copying files...
[INFO]-[2019/02/12 03:00:23] Total 50 files processed
[INFO]-[2019/02/12 03:00:23] Total 100 files processed
[INFO]-[2019/02/12 03:00:23] Total 100 files processed
[INFO]-[2019/02/12 03:00:23] Total 150 files processed
[INFO]-[2019/02/12 03:00:23] Total 150 files processed
[INFO]-[2019/02/12 03:00:23] Trying to copy big file: /Users/reidcrawford/sites/merchantadvisory/wp-content/plugins/themeisle-companion/obfx_modules/gutenberg-blocks/assets/fontawesome/metadata/icons.json -> /Users/reidcrawford/sites/merchantadvisory/merchant-advisory/wp-content/plugins/themeisle-companion/obfx_modules/gutenberg-blocks/assets/fontawesome/metadata/icons.json
[INFO]-[2019/02/12 03:00:23] Total 200 files processed
[INFO]-[2019/02/12 03:00:23] Trying to copy big file: /Users/reidcrawford/sites/merchantadvisory/wp-content/plugins/themeisle-companion/obfx_modules/gutenberg-blocks/assets/fontawesome/metadata/icons.json -> /Users/reidcrawford/sites/merchantadvisory/merchant-advisory/wp-content/plugins/themeisle-companion/obfx_modules/gutenberg-blocks/assets/fontawesome/metadata/icons.json
[INFO]-[2019/02/12 03:00:23] Total 200 files processed
[INFO]-[2019/02/12 03:00:23] Total 250 files processed
[INFO]-[2019/02/12 03:00:23] Total 250 files processed
[INFO]-[2019/02/12 03:00:23] Total 300 files processed
[INFO]-[2019/02/12 03:00:23] Total 300 files processed
[INFO]-[2019/02/12 03:00:23] Trying to copy big file: /Users/reidcrawford/sites/merchantadvisory/wp-content/plugins/themeisle-companion/vendor/codeinwp/gutenberg-blocks/components/icon-picker-control/icons.json -> /Users/reidcrawford/sites/merchantadvisory/merchant-advisory/wp-content/plugins/themeisle-companion/vendor/codeinwp/gutenberg-blocks/components/icon-picker-control/icons.json
[INFO]-[2019/02/12 03:00:23] Total 350 files processed
[INFO]-[2019/02/12 03:00:23] Trying to copy big file: /Users/reidcrawford/sites/merchantadvisory/wp-content/plugins/themeisle-companion/vendor/codeinwp/gutenberg-blocks/components/icon-picker-control/icons.json -> /Users/reidcrawford/sites/merchantadvisory/merchant-advisory/wp-content/plugins/themeisle-companion/vendor/codeinwp/gutenberg-blocks/components/icon-picker-control/icons.json
[INFO]-[2019/02/12 03:00:23] Total 350 files processed
[INFO]-[2019/02/12 03:00:24] Trying to copy big file: /Users/reidcrawford/sites/merchantadvisory/wp-content/plugins/themeisle-companion/vendor/codeinwp/gutenberg-blocks/build/block.js -> /Users/reidcrawford/sites/merchantadvisory/merchant-advisory/wp-content/plugins/themeisle-companion/vendor/codeinwp/gutenberg-blocks/build/block.js
[INFO]-[2019/02/12 03:00:24] Total 400 files processed
[INFO]-[2019/02/12 03:00:24] Trying to copy big file: /Users/reidcrawford/sites/merchantadvisory/wp-content/plugins/themeisle-companion/vendor/codeinwp/gutenberg-blocks/build/block.js -> /Users/reidcrawford/sites/merchantadvisory/merchant-advisory/wp-content/plugins/themeisle-companion/vendor/codeinwp/gutenberg-blocks/build/block.js
[INFO]-[2019/02/12 03:00:24] Total 400 files processed
[INFO]-[2019/02/12 03:00:24] Total 450 files processed
[INFO]-[2019/02/12 03:00:24] Total 450 files processed
[INFO]-[2019/02/12 03:00:24] Total 500 files processed
[INFO]-[2019/02/12 03:00:24] Total 500 files processed
[INFO]-[2019/02/12 03:00:24] Total 550 files processed
[INFO]-[2019/02/12 03:00:24] Total 550 files processed
[INFO]-[2019/02/12 03:00:24] Total 600 files processed
[INFO]-[2019/02/12 03:00:24] Total 600 files processed
[INFO]-[2019/02/12 03:00:24] Total 650 files processed
[INFO]-[2019/02/12 03:00:24] Total 650 files processed
[INFO]-[2019/02/12 03:00:24] Total 700 files processed
[INFO]-[2019/02/12 03:00:24] Total 700 files processed
[INFO]-[2019/02/12 03:00:25] Total 750 files processed
[INFO]-[2019/02/12 03:00:25] Total 750 files processed
[INFO]-[2019/02/12 03:00:25] Total 800 files processed
[INFO]-[2019/02/12 03:00:25] Total 800 files processed
[INFO]-[2019/02/12 03:00:25] Total 850 files processed
[INFO]-[2019/02/12 03:00:25] Total 850 files processed
[INFO]-[2019/02/12 03:00:25] Total 900 files processed
[INFO]-[2019/02/12 03:00:25] Total 900 files processed
