[INFO]-[2019/02/12 03:04:15] DB Copy: Creating table wpstg2_commentmeta
[INFO]-[2019/02/12 03:04:15] DB Copy: Creating table wpstg2_commentmeta
[INFO]-[2019/02/12 03:04:15] DB Copy: Creating table wpstg2_comments
[INFO]-[2019/02/12 03:04:16] DB Copy: wp_comments as wpstg2_comments from 0 to 10000 records
[INFO]-[2019/02/12 03:04:15] DB Copy: Creating table wpstg2_comments
[INFO]-[2019/02/12 03:04:16] DB Copy: wp_comments as wpstg2_comments from 0 to 10000 records
[INFO]-[2019/02/12 03:04:16] DB Copy: Creating table wpstg2_links
[INFO]-[2019/02/12 03:04:16] DB Copy: Creating table wpstg2_links
[INFO]-[2019/02/12 03:04:16] DB Copy: Creating table wpstg2_options
[INFO]-[2019/02/12 03:04:16] DB Copy: wp_options as wpstg2_options from 0 to 10000 records
[INFO]-[2019/02/12 03:04:16] DB Copy: Creating table wpstg2_options
[INFO]-[2019/02/12 03:04:16] DB Copy: wp_options as wpstg2_options from 0 to 10000 records
[INFO]-[2019/02/12 03:04:16] DB Copy: Creating table wpstg2_postmeta
[INFO]-[2019/02/12 03:04:16] DB Copy: wp_postmeta as wpstg2_postmeta from 0 to 10000 records
[INFO]-[2019/02/12 03:04:16] DB Copy: Creating table wpstg2_postmeta
[INFO]-[2019/02/12 03:04:16] DB Copy: wp_postmeta as wpstg2_postmeta from 0 to 10000 records
[INFO]-[2019/02/12 03:04:16] DB Copy: Creating table wpstg2_posts
[INFO]-[2019/02/12 03:04:16] DB Copy: wp_posts as wpstg2_posts from 0 to 10000 records
[INFO]-[2019/02/12 03:04:16] DB Copy: Creating table wpstg2_posts
[INFO]-[2019/02/12 03:04:16] DB Copy: wp_posts as wpstg2_posts from 0 to 10000 records
[INFO]-[2019/02/12 03:04:16] DB Copy: Creating table wpstg2_term_relationships
[INFO]-[2019/02/12 03:04:16] DB Copy: wp_term_relationships as wpstg2_term_relationships from 0 to 10000 records
[INFO]-[2019/02/12 03:04:16] DB Copy: Creating table wpstg2_term_relationships
[INFO]-[2019/02/12 03:04:16] DB Copy: wp_term_relationships as wpstg2_term_relationships from 0 to 10000 records
[INFO]-[2019/02/12 03:04:16] DB Copy: Creating table wpstg2_term_taxonomy
[INFO]-[2019/02/12 03:04:16] DB Copy: wp_term_taxonomy as wpstg2_term_taxonomy from 0 to 10000 records
[INFO]-[2019/02/12 03:04:16] DB Copy: Creating table wpstg2_term_taxonomy
[INFO]-[2019/02/12 03:04:16] DB Copy: wp_term_taxonomy as wpstg2_term_taxonomy from 0 to 10000 records
[INFO]-[2019/02/12 03:04:16] DB Copy: Creating table wpstg2_termmeta
[INFO]-[2019/02/12 03:04:16] DB Copy: Creating table wpstg2_termmeta
[INFO]-[2019/02/12 03:04:16] DB Copy: Creating table wpstg2_terms
[INFO]-[2019/02/12 03:04:16] DB Copy: wp_terms as wpstg2_terms from 0 to 10000 records
[INFO]-[2019/02/12 03:04:16] DB Copy: Creating table wpstg2_terms
[INFO]-[2019/02/12 03:04:16] DB Copy: wp_terms as wpstg2_terms from 0 to 10000 records
[INFO]-[2019/02/12 03:04:16] DB Copy: Creating table wpstg2_usermeta
[INFO]-[2019/02/12 03:04:16] DB Copy: wp_usermeta as wpstg2_usermeta from 0 to 10000 records
[INFO]-[2019/02/12 03:04:16] DB Copy: Creating table wpstg2_usermeta
[INFO]-[2019/02/12 03:04:16] DB Copy: wp_usermeta as wpstg2_usermeta from 0 to 10000 records
[INFO]-[2019/02/12 03:04:16] DB Copy: Creating table wpstg2_users
[INFO]-[2019/02/12 03:04:16] DB Copy: wp_users as wpstg2_users from 0 to 10000 records
[INFO]-[2019/02/12 03:04:16] DB Copy: Creating table wpstg2_users
[INFO]-[2019/02/12 03:04:16] DB Copy: wp_users as wpstg2_users from 0 to 10000 records
[]-[] 
[]-[] 
[]-[] 
[]-[] 
[INFO]-[2019/02/12 03:04:16] DB Processing:  Table wpstg2_comments 0 to 5000 records
[INFO]-[2019/02/12 03:04:16] DB Processing:  Table wpstg2_comments 0 to 5000 records
[]-[] 
[]-[] 
[INFO]-[2019/02/12 03:04:16] DB Processing:  Table wpstg2_options 0 to 5000 records
[INFO]-[2019/02/12 03:04:16] DB Processing:  Table wpstg2_options 0 to 5000 records
[INFO]-[2019/02/12 03:04:16] DB Processing:  Table wpstg2_postmeta 0 to 5000 records
[INFO]-[2019/02/12 03:04:16] DB Processing:  Table wpstg2_postmeta 0 to 5000 records
[INFO]-[2019/02/12 03:04:16] DB Processing:  Table wpstg2_posts 0 to 5000 records
[INFO]-[2019/02/12 03:04:16] DB Processing:  Table wpstg2_posts 0 to 5000 records
[INFO]-[2019/02/12 03:04:16] DB Processing:  Table wpstg2_term_relationships 0 to 5000 records
[INFO]-[2019/02/12 03:04:16] DB Processing:  Table wpstg2_term_relationships 0 to 5000 records
[INFO]-[2019/02/12 03:04:17] DB Processing:  Table wpstg2_term_taxonomy 0 to 5000 records
[INFO]-[2019/02/12 03:04:17] DB Processing:  Table wpstg2_term_taxonomy 0 to 5000 records
[]-[] 
[]-[] 
[INFO]-[2019/02/12 03:04:17] DB Processing:  Table wpstg2_terms 0 to 5000 records
[INFO]-[2019/02/12 03:04:17] DB Processing:  Table wpstg2_terms 0 to 5000 records
[INFO]-[2019/02/12 03:04:17] DB Processing:  Table wpstg2_usermeta 0 to 5000 records
[INFO]-[2019/02/12 03:04:17] DB Processing:  Table wpstg2_usermeta 0 to 5000 records
[INFO]-[2019/02/12 03:04:17] DB Processing:  Table wpstg2_users 0 to 5000 records
[INFO]-[2019/02/12 03:04:17] DB Processing:  Table wpstg2_users 0 to 5000 records
[]-[] 
[]-[] 
[INFO]-[2019/02/12 03:04:17] Scanning / for files
[INFO]-[2019/02/12 03:04:17] Scanning / for files
[INFO]-[2019/02/12 03:04:17] Scanning wp-content folder /Users/reidcrawford/sites/merchantadvisory/wp-content
[INFO]-[2019/02/12 03:04:17] Scanning wp-content folder /Users/reidcrawford/sites/merchantadvisory/wp-content
[INFO]-[2019/02/12 03:04:17] Scanning /wp-includes for its sub-directories and files
[INFO]-[2019/02/12 03:04:17] Scanning /wp-includes for its sub-directories and files
[INFO]-[2019/02/12 03:04:17] Scanning /wp-admin for its sub-directories and files
[INFO]-[2019/02/12 03:04:17] Scanning /wp-admin for its sub-directories and files
[INFO]-[2019/02/12 03:04:17] Copying files...
[INFO]-[2019/02/12 03:04:17] Total 50 files processed
[INFO]-[2019/02/12 03:04:17] Copying files...
[INFO]-[2019/02/12 03:04:17] Total 50 files processed
[INFO]-[2019/02/12 03:04:17] Total 100 files processed
[INFO]-[2019/02/12 03:04:17] Total 100 files processed
[INFO]-[2019/02/12 03:04:18] Total 150 files processed
[INFO]-[2019/02/12 03:04:18] Total 150 files processed
[INFO]-[2019/02/12 03:04:18] Trying to copy big file: /Users/reidcrawford/sites/merchantadvisory/wp-content/plugins/themeisle-companion/obfx_modules/gutenberg-blocks/assets/fontawesome/metadata/icons.json -> /Users/reidcrawford/sites/merchantadvisory/1549940655735/wp-content/plugins/themeisle-companion/obfx_modules/gutenberg-blocks/assets/fontawesome/metadata/icons.json
[INFO]-[2019/02/12 03:04:18] Total 200 files processed
[INFO]-[2019/02/12 03:04:18] Trying to copy big file: /Users/reidcrawford/sites/merchantadvisory/wp-content/plugins/themeisle-companion/obfx_modules/gutenberg-blocks/assets/fontawesome/metadata/icons.json -> /Users/reidcrawford/sites/merchantadvisory/1549940655735/wp-content/plugins/themeisle-companion/obfx_modules/gutenberg-blocks/assets/fontawesome/metadata/icons.json
[INFO]-[2019/02/12 03:04:18] Total 200 files processed
[INFO]-[2019/02/12 03:04:18] Total 250 files processed
[INFO]-[2019/02/12 03:04:18] Total 250 files processed
[INFO]-[2019/02/12 03:04:18] Total 300 files processed
[INFO]-[2019/02/12 03:04:18] Total 300 files processed
[INFO]-[2019/02/12 03:04:18] Trying to copy big file: /Users/reidcrawford/sites/merchantadvisory/wp-content/plugins/themeisle-companion/vendor/codeinwp/gutenberg-blocks/components/icon-picker-control/icons.json -> /Users/reidcrawford/sites/merchantadvisory/1549940655735/wp-content/plugins/themeisle-companion/vendor/codeinwp/gutenberg-blocks/components/icon-picker-control/icons.json
[INFO]-[2019/02/12 03:04:18] Total 350 files processed
[INFO]-[2019/02/12 03:04:18] Trying to copy big file: /Users/reidcrawford/sites/merchantadvisory/wp-content/plugins/themeisle-companion/vendor/codeinwp/gutenberg-blocks/components/icon-picker-control/icons.json -> /Users/reidcrawford/sites/merchantadvisory/1549940655735/wp-content/plugins/themeisle-companion/vendor/codeinwp/gutenberg-blocks/components/icon-picker-control/icons.json
[INFO]-[2019/02/12 03:04:18] Total 350 files processed
[INFO]-[2019/02/12 03:04:18] Trying to copy big file: /Users/reidcrawford/sites/merchantadvisory/wp-content/plugins/themeisle-companion/vendor/codeinwp/gutenberg-blocks/build/block.js -> /Users/reidcrawford/sites/merchantadvisory/1549940655735/wp-content/plugins/themeisle-companion/vendor/codeinwp/gutenberg-blocks/build/block.js
[INFO]-[2019/02/12 03:04:18] Total 400 files processed
[INFO]-[2019/02/12 03:04:18] Trying to copy big file: /Users/reidcrawford/sites/merchantadvisory/wp-content/plugins/themeisle-companion/vendor/codeinwp/gutenberg-blocks/build/block.js -> /Users/reidcrawford/sites/merchantadvisory/1549940655735/wp-content/plugins/themeisle-companion/vendor/codeinwp/gutenberg-blocks/build/block.js
[INFO]-[2019/02/12 03:04:18] Total 400 files processed
[INFO]-[2019/02/12 03:04:18] Total 450 files processed
[INFO]-[2019/02/12 03:04:18] Total 450 files processed
[INFO]-[2019/02/12 03:04:18] Total 500 files processed
[INFO]-[2019/02/12 03:04:18] Total 500 files processed
[INFO]-[2019/02/12 03:04:19] Total 550 files processed
[INFO]-[2019/02/12 03:04:19] Total 550 files processed
[INFO]-[2019/02/12 03:04:19] Total 600 files processed
[INFO]-[2019/02/12 03:04:19] Total 600 files processed
[INFO]-[2019/02/12 03:04:19] Total 650 files processed
[INFO]-[2019/02/12 03:04:19] Total 650 files processed
[INFO]-[2019/02/12 03:04:19] Total 700 files processed
[INFO]-[2019/02/12 03:04:19] Total 700 files processed
[INFO]-[2019/02/12 03:04:19] Total 750 files processed
[INFO]-[2019/02/12 03:04:19] Total 750 files processed
[INFO]-[2019/02/12 03:04:19] Total 800 files processed
[INFO]-[2019/02/12 03:04:19] Total 800 files processed
[INFO]-[2019/02/12 03:04:19] Total 850 files processed
[INFO]-[2019/02/12 03:04:19] Total 850 files processed
[INFO]-[2019/02/12 03:04:19] Total 900 files processed
[INFO]-[2019/02/12 03:04:19] Total 900 files processed
[INFO]-[2019/02/12 03:04:20] Total 950 files processed
[INFO]-[2019/02/12 03:04:20] Total 950 files processed
[INFO]-[2019/02/12 03:04:20] Total 1000 files processed
[INFO]-[2019/02/12 03:04:20] Total 1000 files processed
[INFO]-[2019/02/12 03:04:20] Total 1050 files processed
[INFO]-[2019/02/12 03:04:20] Total 1050 files processed
[INFO]-[2019/02/12 03:04:20] Total 1100 files processed
[INFO]-[2019/02/12 03:04:20] Total 1100 files processed
[INFO]-[2019/02/12 03:04:20] Total 1150 files processed
[INFO]-[2019/02/12 03:04:20] Total 1150 files processed
[INFO]-[2019/02/12 03:04:21] Total 1200 files processed
[INFO]-[2019/02/12 03:04:21] Total 1200 files processed
[INFO]-[2019/02/12 03:04:21] Total 1250 files processed
[INFO]-[2019/02/12 03:04:21] Total 1250 files processed
[INFO]-[2019/02/12 03:04:21] Total 1300 files processed
[INFO]-[2019/02/12 03:04:21] Total 1300 files processed
[INFO]-[2019/02/12 03:04:21] Total 1350 files processed
[INFO]-[2019/02/12 03:04:21] Total 1350 files processed
[INFO]-[2019/02/12 03:04:21] Total 1400 files processed
[INFO]-[2019/02/12 03:04:21] Total 1400 files processed
[INFO]-[2019/02/12 03:04:21] Total 1450 files processed
[INFO]-[2019/02/12 03:04:21] Total 1450 files processed
[INFO]-[2019/02/12 03:04:21] Total 1500 files processed
[INFO]-[2019/02/12 03:04:21] Total 1500 files processed
[INFO]-[2019/02/12 03:04:21] Total 1550 files processed
[INFO]-[2019/02/12 03:04:21] Total 1550 files processed
[INFO]-[2019/02/12 03:04:22] Total 1600 files processed
[INFO]-[2019/02/12 03:04:22] Total 1600 files processed
[INFO]-[2019/02/12 03:04:22] Total 1650 files processed
[INFO]-[2019/02/12 03:04:22] Total 1650 files processed
[INFO]-[2019/02/12 03:04:22] Total 1700 files processed
[INFO]-[2019/02/12 03:04:22] Total 1700 files processed
[INFO]-[2019/02/12 03:04:22] Total 1750 files processed
[INFO]-[2019/02/12 03:04:22] Total 1750 files processed
[INFO]-[2019/02/12 03:04:22] Total 1800 files processed
[INFO]-[2019/02/12 03:04:22] Total 1800 files processed
[INFO]-[2019/02/12 03:04:22] Total 1850 files processed
[INFO]-[2019/02/12 03:04:22] Total 1850 files processed
[INFO]-[2019/02/12 03:04:22] Total 1900 files processed
[INFO]-[2019/02/12 03:04:22] Total 1900 files processed
[INFO]-[2019/02/12 03:04:22] Total 1950 files processed
[INFO]-[2019/02/12 03:04:22] Total 1950 files processed
[INFO]-[2019/02/12 03:04:22] Total 2000 files processed
[INFO]-[2019/02/12 03:04:22] Total 2000 files processed
[INFO]-[2019/02/12 03:04:23] Total 2050 files processed
[INFO]-[2019/02/12 03:04:23] Total 2050 files processed
[INFO]-[2019/02/12 03:04:23] Total 2100 files processed
[INFO]-[2019/02/12 03:04:23] Total 2100 files processed
[INFO]-[2019/02/12 03:04:23] Total 2150 files processed
[INFO]-[2019/02/12 03:04:23] Total 2150 files processed
[INFO]-[2019/02/12 03:04:23] Total 2200 files processed
[INFO]-[2019/02/12 03:04:23] Total 2200 files processed
[INFO]-[2019/02/12 03:04:23] Total 2250 files processed
[INFO]-[2019/02/12 03:04:23] Total 2250 files processed
[INFO]-[2019/02/12 03:04:23] Total 2300 files processed
[INFO]-[2019/02/12 03:04:23] Total 2300 files processed
[INFO]-[2019/02/12 03:04:23] Total 2350 files processed
[INFO]-[2019/02/12 03:04:23] Total 2350 files processed
[INFO]-[2019/02/12 03:04:23] Total 2400 files processed
[INFO]-[2019/02/12 03:04:23] Total 2400 files processed
[INFO]-[2019/02/12 03:04:23] Total 2450 files processed
[INFO]-[2019/02/12 03:04:23] Total 2450 files processed
[INFO]-[2019/02/12 03:04:24] Total 2500 files processed
[INFO]-[2019/02/12 03:04:24] Total 2500 files processed
[INFO]-[2019/02/12 03:04:24] Total 2550 files processed
[INFO]-[2019/02/12 03:04:24] Total 2550 files processed
[INFO]-[2019/02/12 03:04:24] Total 2600 files processed
[INFO]-[2019/02/12 03:04:24] Total 2600 files processed
[INFO]-[2019/02/12 03:04:24] Total 2650 files processed
[INFO]-[2019/02/12 03:04:24] Total 2650 files processed
[INFO]-[2019/02/12 03:04:24] Total 2700 files processed
[INFO]-[2019/02/12 03:04:24] Total 2700 files processed
[INFO]-[2019/02/12 03:04:24] Total 2750 files processed
[INFO]-[2019/02/12 03:04:24] Total 2750 files processed
[INFO]-[2019/02/12 03:04:24] Total 2800 files processed
[INFO]-[2019/02/12 03:04:24] Total 2800 files processed
[INFO]-[2019/02/12 03:04:24] Total 2850 files processed
[INFO]-[2019/02/12 03:04:24] Total 2850 files processed
[INFO]-[2019/02/12 03:04:24] Total 2900 files processed
[INFO]-[2019/02/12 03:04:24] Total 2900 files processed
[INFO]-[2019/02/12 03:04:24] Total 2950 files processed
[INFO]-[2019/02/12 03:04:24] Total 2950 files processed
[INFO]-[2019/02/12 03:04:24] Total 3000 files processed
[INFO]-[2019/02/12 03:04:24] Total 3000 files processed
[INFO]-[2019/02/12 03:04:24] Total 3050 files processed
[INFO]-[2019/02/12 03:04:24] Total 3050 files processed
[INFO]-[2019/02/12 03:04:25] Total 3100 files processed
[INFO]-[2019/02/12 03:04:25] Total 3100 files processed
[INFO]-[2019/02/12 03:04:25] Total 3150 files processed
[INFO]-[2019/02/12 03:04:25] Total 3150 files processed
[WARNING]-[2019/02/12 03:04:25] File doesn't exist /Users/reidcrawford/sites/merchantadvisory/
[WARNING]-[2019/02/12 03:04:25] File doesn't exist /Users/reidcrawford/sites/merchantadvisory/
[INFO]-[2019/02/12 03:04:25] Copying files finished
[INFO]-[2019/02/12 03:04:25] Copying files finished
[INFO]-[2019/02/12 03:04:25] Preparing Data Step0: Check if wp-config.php is located in root path
[INFO]-[2019/02/12 03:04:25] Preparing Data Step0: Skip it
[INFO]-[2019/02/12 03:04:25] Preparing Data Step0: Check if wp-config.php is located in root path
[INFO]-[2019/02/12 03:04:25] Preparing Data Step0: Skip it
[INFO]-[2019/02/12 03:04:25] Preparing Data Step1: Updating siteurl and homeurl in wpstg2_options 
[INFO]-[2019/02/12 03:04:25] Preparing Data Step1: Updating siteurl and homeurl to http://merchantadvisory.dev/1549940655735
[INFO]-[2019/02/12 03:04:25] Preparing Data Step1: Updating siteurl and homeurl in wpstg2_options 
[INFO]-[2019/02/12 03:04:25] Preparing Data Step1: Updating siteurl and homeurl to http://merchantadvisory.dev/1549940655735
[INFO]-[2019/02/12 03:04:25] Preparing Data Step2: Updating row wpstg_is_staging_site in wpstg2_options 
[INFO]-[2019/02/12 03:04:25] Preparing Data Step2: Successfull
[INFO]-[2019/02/12 03:04:25] Preparing Data Step2: Updating row wpstg_is_staging_site in wpstg2_options 
[INFO]-[2019/02/12 03:04:25] Preparing Data Step2: Successfull
[INFO]-[2019/02/12 03:04:25] Preparing Data Step3: Updating rewrite_rules in wpstg2_options 
[INFO]-[2019/02/12 03:04:25] Preparing Data Step3: Updating rewrite_rules in wpstg2_options 
[INFO]-[2019/02/12 03:04:25] Preparing Data Step4: Updating db prefix in wpstg2_usermeta. 
[INFO]-[2019/02/12 03:04:25] Preparing Data Step4: Updating db prefix in wpstg2_usermeta. 
[INFO]-[2019/02/12 03:04:25] Preparing Data Step5: Updating table_prefix in /Users/reidcrawford/sites/merchantadvisory/1549940655735/wp-config.php to wpstg2_
[INFO]-[2019/02/12 03:04:25] Preparing Data Step5: Updating table_prefix in /Users/reidcrawford/sites/merchantadvisory/1549940655735/wp-config.php to wpstg2_
[]-[] 
[]-[] 
[INFO]-[2019/02/12 03:04:25] Preparing Data Step7: Updating wpstg_rmpermalinks_executed in wpstg2_options 
[WARNING]-[2019/02/12 03:04:25] Failed to update wpstg_rmpermalinks_executed in wpstg2_options 
[INFO]-[2019/02/12 03:04:25] Preparing Data Step7: Updating wpstg_rmpermalinks_executed in wpstg2_options 
[WARNING]-[2019/02/12 03:04:25] Failed to update wpstg_rmpermalinks_executed in wpstg2_options 
[INFO]-[2019/02/12 03:04:25] Preparing Data Step8: Updating permalink_structure in wpstg2_options 
[INFO]-[2019/02/12 03:04:25] Preparing Data Step8: Finished successfully
[INFO]-[2019/02/12 03:04:25] Preparing Data Step8: Updating permalink_structure in wpstg2_options 
[INFO]-[2019/02/12 03:04:25] Preparing Data Step8: Finished successfully
[INFO]-[2019/02/12 03:04:25] Preparing Data Step9: Set staging site to noindex
[INFO]-[2019/02/12 03:04:25] Preparing Data Step9: Finished successfully
[INFO]-[2019/02/12 03:04:25] Preparing Data Step9: Set staging site to noindex
[INFO]-[2019/02/12 03:04:25] Preparing Data Step9: Finished successfully
[INFO]-[2019/02/12 03:04:25] Preparing Data Step10: Updating WP_HOME in wp-config.php to http://merchantadvisory.dev/1549940655735
[INFO]-[2019/02/12 03:04:25] Preparing Data Step10: WP_HOME not defined in wp-config.php. Skipping this step.
[INFO]-[2019/02/12 03:04:25] Preparing Data Step 10: Finished successfully
[INFO]-[2019/02/12 03:04:25] Preparing Data Step10: Updating WP_HOME in wp-config.php to http://merchantadvisory.dev/1549940655735
[INFO]-[2019/02/12 03:04:25] Preparing Data Step10: WP_HOME not defined in wp-config.php. Skipping this step.
[INFO]-[2019/02/12 03:04:25] Preparing Data Step 10: Finished successfully
[INFO]-[2019/02/12 03:04:25] Preparing Data Step11: Updating WP_SITEURL in wp-config.php to http://merchantadvisory.dev/1549940655735
[INFO]-[2019/02/12 03:04:25] Preparing Data Step11: WP_SITEURL not defined in wp-config.php. Skipping this step.
[INFO]-[2019/02/12 03:04:25] Preparing Data Step 11: Finished successfully
[INFO]-[2019/02/12 03:04:25] Preparing Data Step11: Updating WP_SITEURL in wp-config.php to http://merchantadvisory.dev/1549940655735
[INFO]-[2019/02/12 03:04:25] Preparing Data Step11: WP_SITEURL not defined in wp-config.php. Skipping this step.
[INFO]-[2019/02/12 03:04:25] Preparing Data Step 11: Finished successfully
[INFO]-[2019/02/12 03:04:25] Preparing Data Step12: Updating db prefix in wpstg2_options.
[INFO]-[2019/02/12 03:04:25] Preparing Data Step 12: Finished successfully
[INFO]-[2019/02/12 03:04:25] Preparing Data Step12: Updating db prefix in wpstg2_options.
[INFO]-[2019/02/12 03:04:25] Preparing Data Step 12: Finished successfully
[INFO]-[2019/02/12 03:04:26] Preparing Data Step13: Updating upload_path wpstg2_options.
[INFO]-[2019/02/12 03:04:26] Preparing Data Step13: Skipped
[INFO]-[2019/02/12 03:04:26] Preparing Data Step13: Updating upload_path wpstg2_options.
[INFO]-[2019/02/12 03:04:26] Preparing Data Step13: Skipped
[INFO]-[2019/02/12 03:04:26] Preparing Data Step14: Set WP_CACHE in wp-config.php to false
[INFO]-[2019/02/12 03:04:26] Preparing Data Step14: WP_CACHE not defined in wp-config.php. Skipping this step.
[INFO]-[2019/02/12 03:04:26] Preparing Data Step 14: Finished successfully
[INFO]-[2019/02/12 03:04:26] Preparing Data Step14: Set WP_CACHE in wp-config.php to false
[INFO]-[2019/02/12 03:04:26] Preparing Data Step14: WP_CACHE not defined in wp-config.php. Skipping this step.
[INFO]-[2019/02/12 03:04:26] Preparing Data Step 14: Finished successfully
[INFO]-[2019/02/12 03:04:26] Preparing Data Step15: Set WP_CONTENT_DIR in wp-config.php to false
[INFO]-[2019/02/12 03:04:26] Preparing Data Step15: WP_CONTENT_DIR not defined in wp-config.php. Skipping this step.
[INFO]-[2019/02/12 03:04:26] Preparing Data Step 15: Finished successfully
[INFO]-[2019/02/12 03:04:26] Preparing Data Step15: Set WP_CONTENT_DIR in wp-config.php to false
[INFO]-[2019/02/12 03:04:26] Preparing Data Step15: WP_CONTENT_DIR not defined in wp-config.php. Skipping this step.
[INFO]-[2019/02/12 03:04:26] Preparing Data Step 15: Finished successfully
[INFO]-[2019/02/12 03:04:26] Preparing Data Step16: Set WP_CONTENT_URL in wp-config.php to false
[INFO]-[2019/02/12 03:04:26] Preparing Data Step16: WP_CONTENT_URL not defined in wp-config.php. Skipping this step.
[INFO]-[2019/02/12 03:04:26] Preparing Data Step 16: Finished successfully
[INFO]-[2019/02/12 03:04:26] Preparing Data Step16: Set WP_CONTENT_URL in wp-config.php to false
[INFO]-[2019/02/12 03:04:26] Preparing Data Step16: WP_CONTENT_URL not defined in wp-config.php. Skipping this step.
[INFO]-[2019/02/12 03:04:26] Preparing Data Step 16: Finished successfully
[]-[] 
[]-[] 
[INFO]-[2019/02/12 03:04:26] Finish: Deleting clone job's cache files...
[INFO]-[2019/02/12 03:04:26] Finish: Clone job's cache files have been deleted!
[INFO]-[2019/02/12 03:04:26] Finish: Verifying existing clones...
[INFO]-[2019/02/12 03:04:26] Finish: 1549940655735's clone job's data is not in database, generating data
[INFO]-[2019/02/12 03:04:26] Finish: Deleting clone job's cache files...
[INFO]-[2019/02/12 03:04:26] Finish: Clone job's cache files have been deleted!
[INFO]-[2019/02/12 03:04:26] Finish: Verifying existing clones...
[INFO]-[2019/02/12 03:04:26] Finish: 1549940655735's clone job's data is not in database, generating data
