[INFO]-[2019/02/12 02:57:31] DB Copy: Creating table wpstg0_postmeta
[INFO]-[2019/02/12 02:57:31] DB Copy: wp_postmeta as wpstg0_postmeta from 0 to 10000 records
[INFO]-[2019/02/12 02:57:31] DB Copy: Creating table wpstg0_postmeta
[INFO]-[2019/02/12 02:57:31] DB Copy: wp_postmeta as wpstg0_postmeta from 0 to 10000 records
[]-[] 
[]-[] 
[INFO]-[2019/02/12 02:57:31] DB Processing:  Table wpstg0_postmeta 0 to 5000 records
[INFO]-[2019/02/12 02:57:31] DB Processing:  Table wpstg0_postmeta 0 to 5000 records
[]-[] 
[]-[] 
[INFO]-[2019/02/12 02:57:32] Scanning / for files
[INFO]-[2019/02/12 02:57:32] Scanning / for files
[INFO]-[2019/02/12 02:57:32] Scanning wp-content folder /Users/reidcrawford/sites/merchantadvisory/wp-content
[INFO]-[2019/02/12 02:57:32] Scanning wp-content folder /Users/reidcrawford/sites/merchantadvisory/wp-content
[INFO]-[2019/02/12 02:57:32] Scanning /wp-includes for its sub-directories and files
[INFO]-[2019/02/12 02:57:32] Scanning /wp-includes for its sub-directories and files
[INFO]-[2019/02/12 02:57:32] Scanning /wp-admin for its sub-directories and files
[INFO]-[2019/02/12 02:57:32] Scanning /wp-admin for its sub-directories and files
[INFO]-[2019/02/12 02:57:32] Copying files...
[INFO]-[2019/02/12 02:57:32] Total 50 files processed
[INFO]-[2019/02/12 02:57:32] Copying files...
[INFO]-[2019/02/12 02:57:32] Total 50 files processed
[INFO]-[2019/02/12 02:57:32] Total 100 files processed
[INFO]-[2019/02/12 02:57:32] Total 100 files processed
[INFO]-[2019/02/12 02:57:32] Total 150 files processed
[INFO]-[2019/02/12 02:57:32] Total 150 files processed
[INFO]-[2019/02/12 02:57:32] Trying to copy big file: /Users/reidcrawford/sites/merchantadvisory/wp-content/plugins/themeisle-companion/obfx_modules/gutenberg-blocks/assets/fontawesome/metadata/icons.json -> /Users/reidcrawford/sites/merchantadvisory/1549940251440/wp-content/plugins/themeisle-companion/obfx_modules/gutenberg-blocks/assets/fontawesome/metadata/icons.json
[INFO]-[2019/02/12 02:57:32] Total 200 files processed
[INFO]-[2019/02/12 02:57:32] Trying to copy big file: /Users/reidcrawford/sites/merchantadvisory/wp-content/plugins/themeisle-companion/obfx_modules/gutenberg-blocks/assets/fontawesome/metadata/icons.json -> /Users/reidcrawford/sites/merchantadvisory/1549940251440/wp-content/plugins/themeisle-companion/obfx_modules/gutenberg-blocks/assets/fontawesome/metadata/icons.json
[INFO]-[2019/02/12 02:57:32] Total 200 files processed
[INFO]-[2019/02/12 02:57:33] Total 250 files processed
[INFO]-[2019/02/12 02:57:33] Total 250 files processed
[INFO]-[2019/02/12 02:57:33] Total 300 files processed
[INFO]-[2019/02/12 02:57:33] Total 300 files processed
[INFO]-[2019/02/12 02:57:33] Trying to copy big file: /Users/reidcrawford/sites/merchantadvisory/wp-content/plugins/themeisle-companion/vendor/codeinwp/gutenberg-blocks/components/icon-picker-control/icons.json -> /Users/reidcrawford/sites/merchantadvisory/1549940251440/wp-content/plugins/themeisle-companion/vendor/codeinwp/gutenberg-blocks/components/icon-picker-control/icons.json
[INFO]-[2019/02/12 02:57:33] Total 350 files processed
[INFO]-[2019/02/12 02:57:33] Trying to copy big file: /Users/reidcrawford/sites/merchantadvisory/wp-content/plugins/themeisle-companion/vendor/codeinwp/gutenberg-blocks/components/icon-picker-control/icons.json -> /Users/reidcrawford/sites/merchantadvisory/1549940251440/wp-content/plugins/themeisle-companion/vendor/codeinwp/gutenberg-blocks/components/icon-picker-control/icons.json
[INFO]-[2019/02/12 02:57:33] Total 350 files processed
[INFO]-[2019/02/12 02:57:33] Trying to copy big file: /Users/reidcrawford/sites/merchantadvisory/wp-content/plugins/themeisle-companion/vendor/codeinwp/gutenberg-blocks/build/block.js -> /Users/reidcrawford/sites/merchantadvisory/1549940251440/wp-content/plugins/themeisle-companion/vendor/codeinwp/gutenberg-blocks/build/block.js
[INFO]-[2019/02/12 02:57:33] Total 400 files processed
[INFO]-[2019/02/12 02:57:33] Trying to copy big file: /Users/reidcrawford/sites/merchantadvisory/wp-content/plugins/themeisle-companion/vendor/codeinwp/gutenberg-blocks/build/block.js -> /Users/reidcrawford/sites/merchantadvisory/1549940251440/wp-content/plugins/themeisle-companion/vendor/codeinwp/gutenberg-blocks/build/block.js
[INFO]-[2019/02/12 02:57:33] Total 400 files processed
[INFO]-[2019/02/12 02:57:33] Total 450 files processed
[INFO]-[2019/02/12 02:57:33] Total 450 files processed
[INFO]-[2019/02/12 02:57:33] Total 500 files processed
[INFO]-[2019/02/12 02:57:33] Total 500 files processed
[INFO]-[2019/02/12 02:57:33] Total 550 files processed
[INFO]-[2019/02/12 02:57:33] Total 550 files processed
[INFO]-[2019/02/12 02:57:33] Total 600 files processed
[INFO]-[2019/02/12 02:57:33] Total 600 files processed
[INFO]-[2019/02/12 02:57:33] Total 650 files processed
[INFO]-[2019/02/12 02:57:33] Total 650 files processed
[INFO]-[2019/02/12 02:57:33] Total 700 files processed
[INFO]-[2019/02/12 02:57:33] Total 700 files processed
[INFO]-[2019/02/12 02:57:34] Total 750 files processed
[INFO]-[2019/02/12 02:57:34] Total 750 files processed
[INFO]-[2019/02/12 02:57:34] Total 800 files processed
[INFO]-[2019/02/12 02:57:34] Total 800 files processed
[INFO]-[2019/02/12 02:57:34] Total 850 files processed
[INFO]-[2019/02/12 02:57:34] Total 850 files processed
[INFO]-[2019/02/12 02:57:34] Total 900 files processed
[INFO]-[2019/02/12 02:57:34] Total 900 files processed
[INFO]-[2019/02/12 02:57:34] Total 950 files processed
[INFO]-[2019/02/12 02:57:34] Total 950 files processed
[INFO]-[2019/02/12 02:57:34] Total 1000 files processed
[INFO]-[2019/02/12 02:57:34] Total 1000 files processed
[INFO]-[2019/02/12 02:57:34] Total 1050 files processed
[INFO]-[2019/02/12 02:57:34] Total 1050 files processed
[INFO]-[2019/02/12 02:57:35] Total 1100 files processed
[INFO]-[2019/02/12 02:57:35] Total 1100 files processed
[INFO]-[2019/02/12 02:57:35] Total 1150 files processed
[INFO]-[2019/02/12 02:57:35] Total 1150 files processed
[INFO]-[2019/02/12 02:57:35] Total 1200 files processed
[INFO]-[2019/02/12 02:57:35] Total 1200 files processed
[INFO]-[2019/02/12 02:57:35] Total 1250 files processed
[INFO]-[2019/02/12 02:57:35] Total 1250 files processed
[INFO]-[2019/02/12 02:57:35] Total 1300 files processed
[INFO]-[2019/02/12 02:57:35] Total 1300 files processed
[INFO]-[2019/02/12 02:57:35] Total 1350 files processed
[INFO]-[2019/02/12 02:57:35] Total 1350 files processed
[INFO]-[2019/02/12 02:57:35] Total 1400 files processed
[INFO]-[2019/02/12 02:57:35] Total 1400 files processed
[INFO]-[2019/02/12 02:57:35] Total 1450 files processed
[INFO]-[2019/02/12 02:57:35] Total 1450 files processed
[INFO]-[2019/02/12 02:57:36] Total 1500 files processed
[INFO]-[2019/02/12 02:57:36] Total 1500 files processed
[INFO]-[2019/02/12 02:57:36] Total 1550 files processed
[INFO]-[2019/02/12 02:57:36] Total 1550 files processed
[INFO]-[2019/02/12 02:57:36] Total 1600 files processed
[INFO]-[2019/02/12 02:57:36] Total 1600 files processed
[INFO]-[2019/02/12 02:57:36] Total 1650 files processed
[INFO]-[2019/02/12 02:57:36] Total 1650 files processed
[INFO]-[2019/02/12 02:57:36] Total 1700 files processed
[INFO]-[2019/02/12 02:57:36] Total 1700 files processed
[INFO]-[2019/02/12 02:57:36] Total 1750 files processed
[INFO]-[2019/02/12 02:57:36] Total 1750 files processed
[INFO]-[2019/02/12 02:57:36] Total 1800 files processed
[INFO]-[2019/02/12 02:57:36] Total 1800 files processed
[INFO]-[2019/02/12 02:57:36] Total 1850 files processed
[INFO]-[2019/02/12 02:57:36] Total 1850 files processed
[INFO]-[2019/02/12 02:57:36] Total 1900 files processed
[INFO]-[2019/02/12 02:57:36] Total 1900 files processed
[INFO]-[2019/02/12 02:57:36] Total 1950 files processed
[INFO]-[2019/02/12 02:57:36] Total 1950 files processed
[INFO]-[2019/02/12 02:57:36] Total 2000 files processed
[INFO]-[2019/02/12 02:57:36] Total 2000 files processed
[INFO]-[2019/02/12 02:57:37] Total 2050 files processed
[INFO]-[2019/02/12 02:57:37] Total 2050 files processed
[INFO]-[2019/02/12 02:57:37] Total 2100 files processed
[INFO]-[2019/02/12 02:57:37] Total 2100 files processed
[INFO]-[2019/02/12 02:57:37] Total 2150 files processed
[INFO]-[2019/02/12 02:57:37] Total 2150 files processed
[INFO]-[2019/02/12 02:57:37] Total 2200 files processed
[INFO]-[2019/02/12 02:57:37] Total 2200 files processed
[INFO]-[2019/02/12 02:57:37] Total 2250 files processed
[INFO]-[2019/02/12 02:57:37] Total 2250 files processed
[INFO]-[2019/02/12 02:57:37] Total 2300 files processed
[INFO]-[2019/02/12 02:57:37] Total 2300 files processed
[INFO]-[2019/02/12 02:57:38] Total 2350 files processed
[INFO]-[2019/02/12 02:57:38] Total 2350 files processed
[INFO]-[2019/02/12 02:57:38] Total 2400 files processed
[INFO]-[2019/02/12 02:57:38] Total 2400 files processed
[INFO]-[2019/02/12 02:57:38] Total 2450 files processed
[INFO]-[2019/02/12 02:57:38] Total 2450 files processed
[INFO]-[2019/02/12 02:57:38] Total 2500 files processed
[INFO]-[2019/02/12 02:57:38] Total 2500 files processed
[INFO]-[2019/02/12 02:57:38] Total 2550 files processed
[INFO]-[2019/02/12 02:57:38] Total 2550 files processed
[INFO]-[2019/02/12 02:57:38] Total 2600 files processed
[INFO]-[2019/02/12 02:57:38] Total 2600 files processed
[INFO]-[2019/02/12 02:57:38] Total 2650 files processed
[INFO]-[2019/02/12 02:57:38] Total 2650 files processed
[INFO]-[2019/02/12 02:57:38] Total 2700 files processed
[INFO]-[2019/02/12 02:57:38] Total 2700 files processed
[INFO]-[2019/02/12 02:57:38] Total 2750 files processed
[INFO]-[2019/02/12 02:57:38] Total 2750 files processed
[INFO]-[2019/02/12 02:57:38] Total 2800 files processed
[INFO]-[2019/02/12 02:57:38] Total 2800 files processed
[INFO]-[2019/02/12 02:57:39] Total 2850 files processed
[INFO]-[2019/02/12 02:57:39] Total 2850 files processed
[INFO]-[2019/02/12 02:57:39] Total 2900 files processed
[INFO]-[2019/02/12 02:57:39] Total 2900 files processed
[INFO]-[2019/02/12 02:57:39] Total 2950 files processed
[INFO]-[2019/02/12 02:57:39] Total 2950 files processed
[INFO]-[2019/02/12 02:57:39] Total 3000 files processed
[INFO]-[2019/02/12 02:57:39] Total 3000 files processed
[INFO]-[2019/02/12 02:57:39] Total 3050 files processed
[INFO]-[2019/02/12 02:57:39] Total 3050 files processed
[INFO]-[2019/02/12 02:57:39] Total 3100 files processed
[INFO]-[2019/02/12 02:57:39] Total 3100 files processed
[INFO]-[2019/02/12 02:57:39] Total 3150 files processed
[INFO]-[2019/02/12 02:57:39] Total 3150 files processed
[WARNING]-[2019/02/12 02:57:39] File doesn't exist /Users/reidcrawford/sites/merchantadvisory/
[WARNING]-[2019/02/12 02:57:39] File doesn't exist /Users/reidcrawford/sites/merchantadvisory/
[INFO]-[2019/02/12 02:57:39] Copying files finished
[INFO]-[2019/02/12 02:57:39] Copying files finished
[INFO]-[2019/02/12 02:57:39] Preparing Data Step0: Check if wp-config.php is located in root path
[INFO]-[2019/02/12 02:57:39] Preparing Data Step0: Skip it
[INFO]-[2019/02/12 02:57:39] Preparing Data Step0: Check if wp-config.php is located in root path
[INFO]-[2019/02/12 02:57:39] Preparing Data Step0: Skip it
[INFO]-[2019/02/12 02:57:39] Preparing Data Step1: Updating siteurl and homeurl in wpstg0_options 
[ERROR]-[2019/02/12 02:57:39] Table wpstg0_options does not exists
[INFO]-[2019/02/12 02:57:39] Preparing Data Step1: Updating siteurl and homeurl in wpstg0_options 
[ERROR]-[2019/02/12 02:57:39] Table wpstg0_options does not exists
[INFO]-[2019/02/12 02:57:40] Preparing Data Step2: Updating row wpstg_is_staging_site in wpstg0_options 
[ERROR]-[2019/02/12 02:57:40] Table wpstg0_options does not exists
[INFO]-[2019/02/12 02:57:40] Preparing Data Step2: Skipping
[INFO]-[2019/02/12 02:57:40] Preparing Data Step2: Updating row wpstg_is_staging_site in wpstg0_options 
[ERROR]-[2019/02/12 02:57:40] Table wpstg0_options does not exists
[INFO]-[2019/02/12 02:57:40] Preparing Data Step2: Skipping
[INFO]-[2019/02/12 02:57:40] Preparing Data Step3: Updating rewrite_rules in wpstg0_options 
[ERROR]-[2019/02/12 02:57:40] Table wpstg0_options does not exists
[INFO]-[2019/02/12 02:57:40] Preparing Data Step3: Updating rewrite_rules in wpstg0_options 
[ERROR]-[2019/02/12 02:57:40] Table wpstg0_options does not exists
[INFO]-[2019/02/12 02:57:40] Preparing Data Step4: Updating db prefix in wpstg0_usermeta. 
[ERROR]-[2019/02/12 02:57:40] Table wpstg0_usermeta does not exists
[INFO]-[2019/02/12 02:57:40] Preparing Data Step4: Updating db prefix in wpstg0_usermeta. 
[ERROR]-[2019/02/12 02:57:40] Table wpstg0_usermeta does not exists
[INFO]-[2019/02/12 02:57:40] Preparing Data Step5: Updating table_prefix in /Users/reidcrawford/sites/merchantadvisory/1549940251440/wp-config.php to wpstg0_
[INFO]-[2019/02/12 02:57:40] Preparing Data Step5: Updating table_prefix in /Users/reidcrawford/sites/merchantadvisory/1549940251440/wp-config.php to wpstg0_
[]-[] 
[]-[] 
[INFO]-[2019/02/12 02:57:40] Preparing Data Step7: Updating wpstg_rmpermalinks_executed in wpstg0_options 
[ERROR]-[2019/02/12 02:57:40] Table wpstg0_options does not exists
[INFO]-[2019/02/12 02:57:40] Preparing Data Step7: Updating wpstg_rmpermalinks_executed in wpstg0_options 
[ERROR]-[2019/02/12 02:57:40] Table wpstg0_options does not exists
[INFO]-[2019/02/12 02:57:40] Preparing Data Step8: Updating permalink_structure in wpstg0_options 
[ERROR]-[2019/02/12 02:57:40] Table wpstg0_options does not exists
[INFO]-[2019/02/12 02:57:40] Preparing Data Step8: Updating permalink_structure in wpstg0_options 
[ERROR]-[2019/02/12 02:57:40] Table wpstg0_options does not exists
[INFO]-[2019/02/12 02:57:40] Preparing Data Step9: Set staging site to noindex
[ERROR]-[2019/02/12 02:57:40] Table wpstg0_options does not exists
[INFO]-[2019/02/12 02:57:40] Preparing Data Step9: Set staging site to noindex
[ERROR]-[2019/02/12 02:57:40] Table wpstg0_options does not exists
[INFO]-[2019/02/12 02:57:40] Preparing Data Step10: Updating WP_HOME in wp-config.php to http://merchantadvisory.dev/1549940251440
[INFO]-[2019/02/12 02:57:40] Preparing Data Step10: WP_HOME not defined in wp-config.php. Skipping this step.
[INFO]-[2019/02/12 02:57:40] Preparing Data Step 10: Finished successfully
[INFO]-[2019/02/12 02:57:40] Preparing Data Step10: Updating WP_HOME in wp-config.php to http://merchantadvisory.dev/1549940251440
[INFO]-[2019/02/12 02:57:40] Preparing Data Step10: WP_HOME not defined in wp-config.php. Skipping this step.
[INFO]-[2019/02/12 02:57:40] Preparing Data Step 10: Finished successfully
[INFO]-[2019/02/12 02:57:40] Preparing Data Step11: Updating WP_SITEURL in wp-config.php to http://merchantadvisory.dev/1549940251440
[INFO]-[2019/02/12 02:57:40] Preparing Data Step11: WP_SITEURL not defined in wp-config.php. Skipping this step.
[INFO]-[2019/02/12 02:57:40] Preparing Data Step 11: Finished successfully
[INFO]-[2019/02/12 02:57:40] Preparing Data Step11: Updating WP_SITEURL in wp-config.php to http://merchantadvisory.dev/1549940251440
[INFO]-[2019/02/12 02:57:40] Preparing Data Step11: WP_SITEURL not defined in wp-config.php. Skipping this step.
[INFO]-[2019/02/12 02:57:40] Preparing Data Step 11: Finished successfully
[INFO]-[2019/02/12 02:57:40] Preparing Data Step12: Updating db prefix in wpstg0_options.
[ERROR]-[2019/02/12 02:57:40] Table wpstg0_options does not exists
[INFO]-[2019/02/12 02:57:40] Preparing Data Step12: Updating db prefix in wpstg0_options.
[ERROR]-[2019/02/12 02:57:40] Table wpstg0_options does not exists
[INFO]-[2019/02/12 02:57:40] Preparing Data Step13: Updating upload_path wpstg0_options.
[ERROR]-[2019/02/12 02:57:40] Table wpstg0_options does not exists
[INFO]-[2019/02/12 02:57:40] Preparing Data Step13: Updating upload_path wpstg0_options.
[ERROR]-[2019/02/12 02:57:40] Table wpstg0_options does not exists
[INFO]-[2019/02/12 02:57:40] Preparing Data Step14: Set WP_CACHE in wp-config.php to false
[INFO]-[2019/02/12 02:57:40] Preparing Data Step14: WP_CACHE not defined in wp-config.php. Skipping this step.
[INFO]-[2019/02/12 02:57:40] Preparing Data Step 14: Finished successfully
[INFO]-[2019/02/12 02:57:40] Preparing Data Step14: Set WP_CACHE in wp-config.php to false
[INFO]-[2019/02/12 02:57:40] Preparing Data Step14: WP_CACHE not defined in wp-config.php. Skipping this step.
[INFO]-[2019/02/12 02:57:40] Preparing Data Step 14: Finished successfully
[INFO]-[2019/02/12 02:57:40] Preparing Data Step15: Set WP_CONTENT_DIR in wp-config.php to false
[INFO]-[2019/02/12 02:57:40] Preparing Data Step15: WP_CONTENT_DIR not defined in wp-config.php. Skipping this step.
[INFO]-[2019/02/12 02:57:40] Preparing Data Step 15: Finished successfully
[INFO]-[2019/02/12 02:57:40] Preparing Data Step15: Set WP_CONTENT_DIR in wp-config.php to false
[INFO]-[2019/02/12 02:57:40] Preparing Data Step15: WP_CONTENT_DIR not defined in wp-config.php. Skipping this step.
[INFO]-[2019/02/12 02:57:40] Preparing Data Step 15: Finished successfully
[INFO]-[2019/02/12 02:57:40] Preparing Data Step16: Set WP_CONTENT_URL in wp-config.php to false
[INFO]-[2019/02/12 02:57:40] Preparing Data Step16: WP_CONTENT_URL not defined in wp-config.php. Skipping this step.
[INFO]-[2019/02/12 02:57:40] Preparing Data Step 16: Finished successfully
[INFO]-[2019/02/12 02:57:40] Preparing Data Step16: Set WP_CONTENT_URL in wp-config.php to false
[INFO]-[2019/02/12 02:57:40] Preparing Data Step16: WP_CONTENT_URL not defined in wp-config.php. Skipping this step.
[INFO]-[2019/02/12 02:57:40] Preparing Data Step 16: Finished successfully
[]-[] 
[]-[] 
[INFO]-[2019/02/12 02:57:40] Finish: Deleting clone job's cache files...
[INFO]-[2019/02/12 02:57:40] Finish: Clone job's cache files have been deleted!
[INFO]-[2019/02/12 02:57:40] Finish: Verifying existing clones...
[INFO]-[2019/02/12 02:57:40] Finish: 1549940251440's clone job's data is not in database, generating data
[INFO]-[2019/02/12 02:57:40] Finish: Deleting clone job's cache files...
[INFO]-[2019/02/12 02:57:40] Finish: Clone job's cache files have been deleted!
[INFO]-[2019/02/12 02:57:40] Finish: Verifying existing clones...
[INFO]-[2019/02/12 02:57:40] Finish: 1549940251440's clone job's data is not in database, generating data
